[3;J[H[2J[1;33m
+-------------------------------------------------------------------------+
| Install software and configuration file on Linux                        |
| Support mode ('base' 'python' 'vim' 'tmux' 'zsh' 'tools')               |
| Author : ZhangXueNan                                                    |
| GitHub : https://github.com/XuenanZhang                                 |
+-------------------------------------------------------------------------+

[0;96m--------------------------- System Information ----------------------------
[0;92mOS                   : [0mCentOS 7.3.1611
[0;92mArch                 : [0mx86_64 (64 Bit)
[0;92mKernel               : [0m3.10.0-514.el7.x86_64
[0;92mCPU model            : [0mIntel(R) Core(TM) i5-8500 CPU @ 3.00GHz
[0;92mNumber of cores      : [0m2
[0;92mCPU frequency        : [0m3000.000 MHz
[0;92mTotal amount of ram  : [0m3783 MB
[0;92mTotal amount of swap : [0m2047 MB
[0;92mHostname             : [0mlocalhost.localdomain
[0;96m---------------------------------------------------------------------------

[0;91m Ready --> 3 [0;91m Ready --> 2 [0;91m Ready --> 1 [1;32mGo Go Go Go !!! 
[0;33m[2019-10-14 10:48:24] [1;34mstart install base ... [0m
[0;33m[2019-10-14 10:48:24] [1;34mstart install python ... [0m
[0;33m[2019-10-14 10:48:24] [1;34mstart install vim ... [0m
[0;33m[2019-10-14 10:48:24] [1;34mstart install tmux ... [0m
[0;33m[2019-10-14 10:48:24] [1;34mstart install zsh ... [0m
[0;33m[2019-10-14 10:48:24] [1;34mstart install tools ... [0m
